-------------------------------------------------------------------------------
Test set: org.uide.pilas.GestorHistorialTest
-------------------------------------------------------------------------------
Tests run: 8, Failures: 8, Errors: 0, Skipped: 0, Time elapsed: 0.054 sec <<< FAILURE!
org.uide.pilas.GestorHistorialTest.testObtenerUltimaWebVisitada()  Time elapsed: 0.019 sec  <<< FAILURE!
java.util.EmptyStackException
	at java.base/java.util.Stack.peek(Stack.java:101)
	at org.uide.pilas.GestorHistorial.obtenerUltimaWebVisitada(GestorHistorial.java:44)
	at org.uide.pilas.GestorHistorialTest.testObtenerUltimaWebVisitada(GestorHistorialTest.java:85)

org.uide.pilas.GestorHistorialTest.testObtenerVisitaDispositivo()  Time elapsed: 0.012 sec  <<< FAILURE!
org.opentest4j.AssertionFailedError: The test case is a prototype.
	at org.junit.jupiter.api.AssertionUtils.fail(AssertionUtils.java:39)
	at org.junit.jupiter.api.Assertions.fail(Assertions.java:109)
	at org.uide.pilas.GestorHistorialTest.testObtenerVisitaDispositivo(GestorHistorialTest.java:103)

org.uide.pilas.GestorHistorialTest.testSetPila()  Time elapsed: 0.001 sec  <<< FAILURE!
org.opentest4j.AssertionFailedError: The test case is a prototype.
	at org.junit.jupiter.api.AssertionUtils.fail(AssertionUtils.java:39)
	at org.junit.jupiter.api.Assertions.fail(Assertions.java:109)
	at org.uide.pilas.GestorHistorialTest.testSetPila(GestorHistorialTest.java:142)

org.uide.pilas.GestorHistorialTest.testVisitarWeb()  Time elapsed: 0.002 sec  <<< FAILURE!
org.opentest4j.AssertionFailedError: The test case is a prototype.
	at org.junit.jupiter.api.AssertionUtils.fail(AssertionUtils.java:39)
	at org.junit.jupiter.api.Assertions.fail(Assertions.java:109)
	at org.uide.pilas.GestorHistorialTest.testVisitarWeb(GestorHistorialTest.java:50)

org.uide.pilas.GestorHistorialTest.testGetPila()  Time elapsed: 0.014 sec  <<< FAILURE!
org.opentest4j.AssertionFailedError: expected: <null> but was: <[]>
	at org.junit.jupiter.api.AssertionUtils.fail(AssertionUtils.java:55)
	at org.junit.jupiter.api.AssertionUtils.failNotEqual(AssertionUtils.java:62)
	at org.junit.jupiter.api.AssertEquals.assertEquals(AssertEquals.java:182)
	at org.junit.jupiter.api.AssertEquals.assertEquals(AssertEquals.java:177)
	at org.junit.jupiter.api.Assertions.assertEquals(Assertions.java:1124)
	at org.uide.pilas.GestorHistorialTest.testGetPila(GestorHistorialTest.java:127)

org.uide.pilas.GestorHistorialTest.testEliminarWeb()  Time elapsed: 0.001 sec  <<< FAILURE!
java.util.EmptyStackException
	at java.base/java.util.Stack.peek(Stack.java:101)
	at java.base/java.util.Stack.pop(Stack.java:83)
	at org.uide.pilas.GestorHistorial.eliminarWeb(GestorHistorial.java:39)
	at org.uide.pilas.GestorHistorialTest.testEliminarWeb(GestorHistorialTest.java:72)

org.uide.pilas.GestorHistorialTest.testCerrarWeb()  Time elapsed: 0.001 sec  <<< FAILURE!
java.util.EmptyStackException
	at java.base/java.util.Stack.peek(Stack.java:101)
	at org.uide.pilas.GestorHistorial.cerrarWeb(GestorHistorial.java:33)
	at org.uide.pilas.GestorHistorialTest.testCerrarWeb(GestorHistorialTest.java:60)

org.uide.pilas.GestorHistorialTest.testHistorial()  Time elapsed: 0.001 sec  <<< FAILURE!
org.opentest4j.AssertionFailedError: The test case is a prototype.
	at org.junit.jupiter.api.AssertionUtils.fail(AssertionUtils.java:39)
	at org.junit.jupiter.api.Assertions.fail(Assertions.java:109)
	at org.uide.pilas.GestorHistorialTest.testHistorial(GestorHistorialTest.java:115)

