<?xml version="1.0" encoding="UTF-8" ?>
<testsuite tests="8" failures="8" name="org.uide.pilas.GestorHistorialTest" time="0.051" errors="0" skipped="0">
  <properties>
[...]
</properties>
  <testcase classname="org.uide.pilas.GestorHistorialTest" name="org.uide.pilas.GestorHistorialTest.testObtenerUltimaWebVisitada" time="0.019">
    <failure type="java.util.EmptyStackException">java.util.EmptyStackException
	at java.base/java.util.Stack.peek(Stack.java:101)
	at org.uide.pilas.GestorHistorial.obtenerUltimaWebVisitada(GestorHistorial.java:44)
	at org.uide.pilas.GestorHistorialTest.testObtenerUltimaWebVisitada(GestorHistorialTest.java:85)
</failure>
    <system-out>obtenerUltimaWebVisitada
</system-out>
  </testcase>
  <testcase classname="org.uide.pilas.GestorHistorialTest" name="org.uide.pilas.GestorHistorialTest.testObtenerVisitaDispositivo" time="0.012">
    <failure message="The test case is a prototype." type="org.opentest4j.AssertionFailedError">org.opentest4j.AssertionFailedError: The test case is a prototype.
	at org.junit.jupiter.api.AssertionUtils.fail(AssertionUtils.java:39)
	at org.junit.jupiter.api.Assertions.fail(Assertions.java:109)
	at org.uide.pilas.GestorHistorialTest.testObtenerVisitaDispositivo(GestorHistorialTest.java:103)
</failure>
    <system-out>obtenerVisitaDispositivo
</system-out>
  </testcase>
  <testcase classname="org.uide.pilas.GestorHistorialTest" name="org.uide.pilas.GestorHistorialTest.testSetPila" time="0.001">
    <failure message="The test case is a prototype." type="org.opentest4j.AssertionFailedError">org.opentest4j.AssertionFailedError: The test case is a prototype.
	at org.junit.jupiter.api.AssertionUtils.fail(AssertionUtils.java:39)
	at org.junit.jupiter.api.Assertions.fail(Assertions.java:109)
	at org.uide.pilas.GestorHistorialTest.testSetPila(GestorHistorialTest.java:142)
</failure>
    <system-out>setPila
</system-out>
  </testcase>
  <testcase classname="org.uide.pilas.GestorHistorialTest" name="org.uide.pilas.GestorHistorialTest.testVisitarWeb" time="0.002">
    <failure message="The test case is a prototype." type="org.opentest4j.AssertionFailedError">org.opentest4j.AssertionFailedError: The test case is a prototype.
	at org.junit.jupiter.api.AssertionUtils.fail(AssertionUtils.java:39)
	at org.junit.jupiter.api.Assertions.fail(Assertions.java:109)
	at org.uide.pilas.GestorHistorialTest.testVisitarWeb(GestorHistorialTest.java:50)
</failure>
    <system-out>VisitarWeb
Se agrego la web al historial</system-out>
  </testcase>
  <testcase classname="org.uide.pilas.GestorHistorialTest" name="org.uide.pilas.GestorHistorialTest.testGetPila" time="0.014">
    <failure message="expected: &lt;null&gt; but was: &lt;[]&gt;" type="org.opentest4j.AssertionFailedError">org.opentest4j.AssertionFailedError: expected: &lt;null&gt; but was: &lt;[]&gt;
	at org.junit.jupiter.api.AssertionUtils.fail(AssertionUtils.java:55)
	at org.junit.jupiter.api.AssertionUtils.failNotEqual(AssertionUtils.java:62)
	at org.junit.jupiter.api.AssertEquals.assertEquals(AssertEquals.java:182)
	at org.junit.jupiter.api.AssertEquals.assertEquals(AssertEquals.java:177)
	at org.junit.jupiter.api.Assertions.assertEquals(Assertions.java:1124)
	at org.uide.pilas.GestorHistorialTest.testGetPila(GestorHistorialTest.java:127)
</failure>
    <system-out>getPila
</system-out>
  </testcase>
  <testcase classname="org.uide.pilas.GestorHistorialTest" name="org.uide.pilas.GestorHistorialTest.testEliminarWeb" time="0.001">
    <failure type="java.util.EmptyStackException">java.util.EmptyStackException
	at java.base/java.util.Stack.peek(Stack.java:101)
	at java.base/java.util.Stack.pop(Stack.java:83)
	at org.uide.pilas.GestorHistorial.eliminarWeb(GestorHistorial.java:39)
	at org.uide.pilas.GestorHistorialTest.testEliminarWeb(GestorHistorialTest.java:72)
</failure>
    <system-out>eliminarWeb
</system-out>
  </testcase>
  <testcase classname="org.uide.pilas.GestorHistorialTest" name="org.uide.pilas.GestorHistorialTest.testCerrarWeb" time="0.001">
    <failure type="java.util.EmptyStackException">java.util.EmptyStackException
	at java.base/java.util.Stack.peek(Stack.java:101)
	at org.uide.pilas.GestorHistorial.cerrarWeb(GestorHistorial.java:33)
	at org.uide.pilas.GestorHistorialTest.testCerrarWeb(GestorHistorialTest.java:60)
</failure>
    <system-out>cerrarWeb
</system-out>
  </testcase>
  <testcase classname="org.uide.pilas.GestorHistorialTest" name="org.uide.pilas.GestorHistorialTest.testHistorial" time="0.001">
    <failure message="The test case is a prototype." type="org.opentest4j.AssertionFailedError">org.opentest4j.AssertionFailedError: The test case is a prototype.
	at org.junit.jupiter.api.AssertionUtils.fail(AssertionUtils.java:39)
	at org.junit.jupiter.api.Assertions.fail(Assertions.java:109)
	at org.uide.pilas.GestorHistorialTest.testHistorial(GestorHistorialTest.java:115)
</failure>
    <system-out>historial
</system-out>
  </testcase>
</testsuite>