<?xml version="1.0" encoding="UTF-8" ?>
<testsuite tests="8" failures="8" name="org.uide.pilas.GestorHistorialTest" time="0.051" errors="0" skipped="0">
  <properties>
    <property name="java.runtime.name" value="Java(TM) SE Runtime Environment"/>
    <property name="java.vm.version" value="18.0.1.1+2-6"/>
    <property name="sun.boot.library.path" value="C:\Program Files\Java\jdk-18.0.1.1\bin"/>
    <property name="maven.multiModuleProjectDirectory" value="D:\USUARIO\Documents\NetBeansProjects\Pilas"/>
    <property name="java.vm.vendor" value="Oracle Corporation"/>
    <property name="java.vendor.url" value="https://java.oracle.com/"/>
    <property name="guice.disable.misplaced.annotation.check" value="true"/>
    <property name="path.separator" value=";"/>
    <property name="java.vm.name" value="Java HotSpot(TM) 64-Bit Server VM"/>
    <property name="sun.os.patch.level" value=""/>
    <property name="user.script" value=""/>
    <property name="user.country" value="EC"/>
    <property name="sun.java.launcher" value="SUN_STANDARD"/>
    <property name="test" value="org.uide.pilas.GestorHistorialTest"/>
    <property name="java.vm.specification.name" value="Java Virtual Machine Specification"/>
    <property name="user.dir" value="D:\USUARIO\Documents\NetBeansProjects\Pilas"/>
    <property name="java.vm.compressedOopsMode" value="32-bit"/>
    <property name="java.runtime.version" value="18.0.1.1+2-6"/>
    <property name="os.arch" value="amd64"/>
    <property name="java.io.tmpdir" value="C:\Users\Usuario\AppData\Local\Temp\"/>
    <property name="line.separator" value="
"/>
    <property name="java.vm.specification.vendor" value="Oracle Corporation"/>
    <property name="user.variant" value=""/>
    <property name="os.name" value="Windows 10"/>
    <property name="maven.ext.class.path" value="C:\Program Files\NetBeans-13\netbeans\java\maven-nblib\netbeans-eventspy.jar"/>
    <property name="classworlds.conf" value="C:\Program Files\NetBeans-13\netbeans\java\maven\bin\m2.conf"/>
    <property name="sun.jnu.encoding" value="Cp1252"/>
    <property name="java.library.path" value="C:\Program Files\Java\jdk-18.0.1.1\bin;C:\Windows\Sun\Java\bin;C:\Windows\system32;C:\Windows;C:\Program Files\Common Files\Oracle\Java\javapath;C:\Program Files (x86)\Common Files\Oracle\Java\javapath;C:\Windows\system32;C:\Windows;C:\Windows\System32\Wbem;C:\Windows\System32\WindowsPowerShell\v1.0\;C:\Windows\System32\OpenSSH\;C:\Program Files\Git\cmd;C:\Program Files\nodejs\;C:\Program Files\Docker\Docker\resources\bin;C:\Users\Usuario\AppData\Local\Programs\Python\Python311\Scripts\;C:\Users\Usuario\AppData\Local\Programs\Python\Python311\;C:\Users\Usuario\AppData\Local\Microsoft\WindowsApps;;C:\Users\Usuario\AppData\Local\Programs\Microsoft VS Code\bin;C:\Program Files\JetBrains\IntelliJ IDEA Community Edition 2022.2.3\bin;;C:\Users\Usuario\AppData\Roaming\npm;."/>
    <property name="maven.conf" value="C:\Program Files\NetBeans-13\netbeans\java\maven/conf"/>
    <property name="jdk.debug" value="release"/>
    <property name="java.class.version" value="62.0"/>
    <property name="java.specification.name" value="Java Platform API Specification"/>
    <property name="sun.management.compiler" value="HotSpot 64-Bit Tiered Compilers"/>
    <property name="os.version" value="10.0"/>
    <property name="library.jansi.path" value="C:\Program Files\NetBeans-13\netbeans\java\maven\lib\jansi-native"/>
    <property name="user.home" value="C:\Users\Usuario"/>
    <property name="user.timezone" value="America/Guayaquil"/>
    <property name="file.encoding" value="UTF-8"/>
    <property name="java.specification.version" value="18"/>
    <property name="user.name" value="Usuario"/>
    <property name="java.class.path" value="C:\Program Files\NetBeans-13\netbeans\java\maven\boot\plexus-classworlds-2.6.0.jar"/>
    <property name="java.vm.specification.version" value="18"/>
    <property name="sun.arch.data.model" value="64"/>
    <property name="sun.java.command" value="org.codehaus.plexus.classworlds.launcher.Launcher -Dtest=org.uide.pilas.GestorHistorialTest -Dmaven.ext.class.path=C:\Program Files\NetBeans-13\netbeans\java\maven-nblib\netbeans-eventspy.jar surefire:test"/>
    <property name="java.home" value="C:\Program Files\Java\jdk-18.0.1.1"/>
    <property name="user.language" value="es"/>
    <property name="java.specification.vendor" value="Oracle Corporation"/>
    <property name="java.vm.info" value="mixed mode, sharing"/>
    <property name="java.version" value="18.0.1.1"/>
    <property name="native.encoding" value="Cp1252"/>
    <property name="java.vendor" value="Oracle Corporation"/>
    <property name="maven.home" value="C:\Program Files\NetBeans-13\netbeans\java\maven"/>
    <property name="file.separator" value="\"/>
    <property name="java.version.date" value="2022-04-22"/>
    <property name="java.vendor.url.bug" value="https://bugreport.java.com/bugreport/"/>
    <property name="sun.io.unicode.encoding" value="UnicodeLittle"/>
    <property name="sun.cpu.endian" value="little"/>
    <property name="sun.cpu.isalist" value="amd64"/>
  </properties>
  <testcase classname="org.uide.pilas.GestorHistorialTest" name="org.uide.pilas.GestorHistorialTest.testObtenerUltimaWebVisitada" time="0.019">
    <failure type="java.util.EmptyStackException">java.util.EmptyStackException
	at java.base/java.util.Stack.peek(Stack.java:101)
	at org.uide.pilas.GestorHistorial.obtenerUltimaWebVisitada(GestorHistorial.java:44)
	at org.uide.pilas.GestorHistorialTest.testObtenerUltimaWebVisitada(GestorHistorialTest.java:85)
</failure>
    <system-out>obtenerUltimaWebVisitada
</system-out>
  </testcase>
  <testcase classname="org.uide.pilas.GestorHistorialTest" name="org.uide.pilas.GestorHistorialTest.testObtenerVisitaDispositivo" time="0.012">
    <failure message="The test case is a prototype." type="org.opentest4j.AssertionFailedError">org.opentest4j.AssertionFailedError: The test case is a prototype.
	at org.junit.jupiter.api.AssertionUtils.fail(AssertionUtils.java:39)
	at org.junit.jupiter.api.Assertions.fail(Assertions.java:109)
	at org.uide.pilas.GestorHistorialTest.testObtenerVisitaDispositivo(GestorHistorialTest.java:103)
</failure>
    <system-out>obtenerVisitaDispositivo
</system-out>
  </testcase>
  <testcase classname="org.uide.pilas.GestorHistorialTest" name="org.uide.pilas.GestorHistorialTest.testSetPila" time="0.001">
    <failure message="The test case is a prototype." type="org.opentest4j.AssertionFailedError">org.opentest4j.AssertionFailedError: The test case is a prototype.
	at org.junit.jupiter.api.AssertionUtils.fail(AssertionUtils.java:39)
	at org.junit.jupiter.api.Assertions.fail(Assertions.java:109)
	at org.uide.pilas.GestorHistorialTest.testSetPila(GestorHistorialTest.java:142)
</failure>
    <system-out>setPila
</system-out>
  </testcase>
  <testcase classname="org.uide.pilas.GestorHistorialTest" name="org.uide.pilas.GestorHistorialTest.testVisitarWeb" time="0.002">
    <failure message="The test case is a prototype." type="org.opentest4j.AssertionFailedError">org.opentest4j.AssertionFailedError: The test case is a prototype.
	at org.junit.jupiter.api.AssertionUtils.fail(AssertionUtils.java:39)
	at org.junit.jupiter.api.Assertions.fail(Assertions.java:109)
	at org.uide.pilas.GestorHistorialTest.testVisitarWeb(GestorHistorialTest.java:50)
</failure>
    <system-out>VisitarWeb
Se agrego la web al historial</system-out>
  </testcase>
  <testcase classname="org.uide.pilas.GestorHistorialTest" name="org.uide.pilas.GestorHistorialTest.testGetPila" time="0.014">
    <failure message="expected: &lt;null&gt; but was: &lt;[]&gt;" type="org.opentest4j.AssertionFailedError">org.opentest4j.AssertionFailedError: expected: &lt;null&gt; but was: &lt;[]&gt;
	at org.junit.jupiter.api.AssertionUtils.fail(AssertionUtils.java:55)
	at org.junit.jupiter.api.AssertionUtils.failNotEqual(AssertionUtils.java:62)
	at org.junit.jupiter.api.AssertEquals.assertEquals(AssertEquals.java:182)
	at org.junit.jupiter.api.AssertEquals.assertEquals(AssertEquals.java:177)
	at org.junit.jupiter.api.Assertions.assertEquals(Assertions.java:1124)
	at org.uide.pilas.GestorHistorialTest.testGetPila(GestorHistorialTest.java:127)
</failure>
    <system-out>getPila
</system-out>
  </testcase>
  <testcase classname="org.uide.pilas.GestorHistorialTest" name="org.uide.pilas.GestorHistorialTest.testEliminarWeb" time="0.001">
    <failure type="java.util.EmptyStackException">java.util.EmptyStackException
	at java.base/java.util.Stack.peek(Stack.java:101)
	at java.base/java.util.Stack.pop(Stack.java:83)
	at org.uide.pilas.GestorHistorial.eliminarWeb(GestorHistorial.java:39)
	at org.uide.pilas.GestorHistorialTest.testEliminarWeb(GestorHistorialTest.java:72)
</failure>
    <system-out>eliminarWeb
</system-out>
  </testcase>
  <testcase classname="org.uide.pilas.GestorHistorialTest" name="org.uide.pilas.GestorHistorialTest.testCerrarWeb" time="0.001">
    <failure type="java.util.EmptyStackException">java.util.EmptyStackException
	at java.base/java.util.Stack.peek(Stack.java:101)
	at org.uide.pilas.GestorHistorial.cerrarWeb(GestorHistorial.java:33)
	at org.uide.pilas.GestorHistorialTest.testCerrarWeb(GestorHistorialTest.java:60)
</failure>
    <system-out>cerrarWeb
</system-out>
  </testcase>
  <testcase classname="org.uide.pilas.GestorHistorialTest" name="org.uide.pilas.GestorHistorialTest.testHistorial" time="0.001">
    <failure message="The test case is a prototype." type="org.opentest4j.AssertionFailedError">org.opentest4j.AssertionFailedError: The test case is a prototype.
	at org.junit.jupiter.api.AssertionUtils.fail(AssertionUtils.java:39)
	at org.junit.jupiter.api.Assertions.fail(Assertions.java:109)
	at org.uide.pilas.GestorHistorialTest.testHistorial(GestorHistorialTest.java:115)
</failure>
    <system-out>historial
</system-out>
  </testcase>
</testsuite>